[www.mappa.co.jp/company/index.html]
[backblue.gif]
[fade.gif]
[index.html]
[www.mappa.co.jp/apple-touch-icon.png]
[cdnjs.cloudflare.com/ajax/libs/malihu-custom-scrollbar-plugin/3.1.5/jquery.mCustomScrollbar.min.css]
[ajax.googleapis.com/ajax/libs/jquery/3.6.0/jquery.min.js]
[www.mappa.co.jp/wp-content/themes/mappa/assets/js/jquery.min.js]
[cdnjs.cloudflare.com/ajax/libs/jquery-easing/1.3/jquery.easing.min.js]
[www.mappa.co.jp/wp-content/themes/mappa/assets/js/jquery.easing.min.js]
[www.mappa.co.jp/wp-content/themes/mappa/assets/js/swiper-bundle.min.js]
[cdnjs.cloudflare.com/ajax/libs/malihu-custom-scrollbar-plugin/3.1.5/jquery.mCustomScrollbar.concat.min.js]
[cdnjs.cloudflare.com/ajax/libs/ScrollMagic/2.0.7/ScrollMagic.min.js]
[www.mappa.co.jp/wp-content/uploads/2021/12/physical_production-1.jpg]
[www.mappa.co.jp/wp-content/uploads/2021/12/cgi-1.jpg]
[www.mappa.co.jp/wp-content/uploads/2021/12/director-2.jpg]
[www.mappa.co.jp/wp-content/uploads/2021/12/2d_animator-1.jpg]
[www.mappa.co.jp/wp-content/uploads/2021/12/rights_management-1.jpg]
[www.mappa.co.jp/wp-content/uploads/2021/12/production_development-2.jpg]
[www.mappa.co.jp/wp-content/uploads/2021/12/sendai-1.jpg]
[www.mappa.co.jp/wp-content/uploads/2021/12/jtk_1_copyright.jpg]
[www.mappa.co.jp/wp-content/uploads/2021/12/sgk_1.jpg]
[www.mappa.co.jp/wp-content/uploads/2021/12/jtk_2_copyright.jpg]
[www.mappa.co.jp/wp-content/uploads/2021/12/msc_1.jpg]
[www.mappa.co.jp/wp-content/uploads/2021/12/yri_1.jpg]
[www.mappa.co.jp/wp-content/uploads/2021/12/drr_1.jpg]
[www.mappa.co.jp/wp-content/uploads/2021/12/jtk_1_s_copyright.jpg]
[www.mappa.co.jp/wp-content/uploads/2021/12/sgk_1_s-1.jpg]
[www.mappa.co.jp/wp-content/uploads/2021/12/jtk_2_s_copyright.jpg]
[www.mappa.co.jp/wp-content/uploads/2021/12/msc_1_s.jpg]
[www.mappa.co.jp/wp-content/uploads/2021/12/yri_1_s.jpg]
[www.mappa.co.jp/wp-content/uploads/2021/12/drr_1_s.jpg]
[www.mappa.co.jp/wp-content/themes/mappa/assets/js/jquery.company.js]
[www.mappa.co.jp/wp-content/themes/mappa/assets/js/jquery.common.js]
[www.mappa.co.jp/company/index.html]
[www.mappa.co.jp/wp-content/themes/mappa/assets/css/style.css]
[www.mappa.co.jp/wp-content/themes/mappa/assets/css/swiper-bundle.min.css]
[cdnjs.cloudflare.com/ajax/libs/malihu-custom-scrollbar-plugin/3.1.5/mCSB_buttons.png]
[cdnjs.cloudflare.com/ajax/libs/malihu-custom-scrollbar-plugin/3.1.5/jquery.mCustomScrollbar.min.css]
[www.mappa.co.jp/wp-content/themes/mappa/assets/img/icon_b.png]
[www.mappa.co.jp/wp-content/themes/mappa/assets/img/bg_mask.png]
[www.mappa.co.jp/wp-content/themes/mappa/assets/img/icon_works.png]
[www.mappa.co.jp/wp-content/themes/mappa/assets/img/icon_link.png]
[www.mappa.co.jp/wp-content/themes/mappa/assets/css/layouta938.css]
[www.mappa.co.jp/wp-content/themes/mappa/assets/css/newsa938.css]
